/usr/local/lib/python3.9/site-packages/celery/platforms.py:829: SecurityWarning: You're running the worker with superuser privileges: this is
absolutely not recommended!

Please specify a different user using the --uid option.

User information: uid=0 euid=0 gid=0 egid=0

  warnings.warn(SecurityWarning(ROOT_DISCOURAGED.format(
 
 -------------- celery@ef9a66b37c9e v5.4.0 (opalescent)
--- ***** ----- 
-- ******* ---- Linux-5.10.104-linuxkit-x86_64-with-glibc2.28 2024-06-08 10:16:56
- *** --- * --- 
- ** ---------- [config]
- ** ---------- .> app:         backend:0x7f3f21b7a8b0
- ** ---------- .> transport:   redis://redis:6379/0
- ** ---------- .> results:     redis://redis:6379/0
- *** --- * --- .> concurrency: 6 (prefork)
-- ******* ---- .> task events: OFF (enable -E to monitor tasks in this worker)
--- ***** ----- 
 -------------- [queues]
                .> celery           exchange=celery(direct) key=celery
                

[tasks]
  . tournaments.tasks.start_tournament_matches

[2024-06-08 10:16:57,056: WARNING/MainProcess] /usr/local/lib/python3.9/site-packages/celery/worker/consumer/consumer.py:508: CPendingDeprecationWarning: The broker_connection_retry configuration setting will no longer determine
whether broker connection retries are made during startup in Celery 6.0 and above.
If you wish to retain the existing behavior for retrying connections on startup,
you should set broker_connection_retry_on_startup to True.
  warnings.warn(

[2024-06-08 10:16:57,066: INFO/MainProcess] Connected to redis://redis:6379/0
[2024-06-08 10:16:57,068: WARNING/MainProcess] /usr/local/lib/python3.9/site-packages/celery/worker/consumer/consumer.py:508: CPendingDeprecationWarning: The broker_connection_retry configuration setting will no longer determine
whether broker connection retries are made during startup in Celery 6.0 and above.
If you wish to retain the existing behavior for retrying connections on startup,
you should set broker_connection_retry_on_startup to True.
  warnings.warn(

[2024-06-08 10:16:57,070: INFO/MainProcess] mingle: searching for neighbors
[2024-06-08 10:16:58,080: INFO/MainProcess] mingle: all alone
[2024-06-08 10:16:58,095: INFO/MainProcess] celery@ef9a66b37c9e ready.
